[2025-05-19T15:01:01.589+0000] {local_task_job_runner.py:120} INFO - ::group::Pre task execution logs
[2025-05-19T15:01:01.608+0000] {taskinstance.py:2076} INFO - Dependencies all met for dep_context=non-requeueable deps ti=<TaskInstance: referential_integrity_check.run_check referential_integrity_check__2025-05-19T15:01:00.463402 [queued]>
[2025-05-19T15:01:01.714+0000] {taskinstance.py:2076} INFO - Dependencies all met for dep_context=requeueable deps ti=<TaskInstance: referential_integrity_check.run_check referential_integrity_check__2025-05-19T15:01:00.463402 [queued]>
[2025-05-19T15:01:01.714+0000] {taskinstance.py:2306} INFO - Starting attempt 1 of 1
[2025-05-19T15:01:01.729+0000] {taskinstance.py:2330} INFO - Executing <Task(PythonOperator): run_check> on 2025-05-19 15:01:00.637354+00:00
[2025-05-19T15:01:01.733+0000] {warnings.py:112} WARNING - /home/***/.local/lib/python3.12/site-packages/***/task/task_runner/standard_task_runner.py:62: DeprecationWarning: This process (pid=85) is multi-threaded, use of fork() may lead to deadlocks in the child.
  pid = os.fork()

[2025-05-19T15:01:01.735+0000] {standard_task_runner.py:64} INFO - Started process 87 to run task
[2025-05-19T15:01:01.735+0000] {standard_task_runner.py:90} INFO - Running: ['***', 'tasks', 'run', 'referential_integrity_check', 'run_check', 'referential_integrity_check__2025-05-19T15:01:00.463402', '--job-id', '119', '--raw', '--subdir', 'DAGS_FOLDER/referential_integrity_check.py', '--cfg-path', '/tmp/tmp1n07ddgo']
[2025-05-19T15:01:01.737+0000] {standard_task_runner.py:91} INFO - Job 119: Subtask run_check
[2025-05-19T15:01:01.777+0000] {task_command.py:426} INFO - Running <TaskInstance: referential_integrity_check.run_check referential_integrity_check__2025-05-19T15:01:00.463402 [running]> on host a8e7697decfa
[2025-05-19T15:01:01.855+0000] {taskinstance.py:2648} INFO - Exporting env vars: AIRFLOW_CTX_DAG_OWNER='***' AIRFLOW_CTX_DAG_ID='referential_integrity_check' AIRFLOW_CTX_TASK_ID='run_check' AIRFLOW_CTX_EXECUTION_DATE='2025-05-19T15:01:00.637354+00:00' AIRFLOW_CTX_TRY_NUMBER='1' AIRFLOW_CTX_DAG_RUN_ID='referential_integrity_check__2025-05-19T15:01:00.463402'
[2025-05-19T15:01:01.856+0000] {taskinstance.py:430} INFO - ::endgroup::
[2025-05-19T15:01:01.919+0000] {logging_mixin.py:188} INFO - Найдено 2 нарушений ссылочной целостности.
[2025-05-19T15:01:01.926+0000] {logging_mixin.py:188} INFO - Ошибки сохранены в /opt/***/reports/referential_errors_20250519_150101.csv
[2025-05-19T15:01:01.927+0000] {python.py:237} INFO - Done. Returned value was: {'status': 'failed', 'error_count': 2, 'report_path': '/opt/***/reports/referential_errors_20250519_150101.csv'}
[2025-05-19T15:01:01.927+0000] {taskinstance.py:441} INFO - ::group::Post task execution logs
[2025-05-19T15:01:01.946+0000] {taskinstance.py:1206} INFO - Marking task as SUCCESS. dag_id=referential_integrity_check, task_id=run_check, run_id=referential_integrity_check__2025-05-19T15:01:00.463402, execution_date=20250519T150100, start_date=20250519T150101, end_date=20250519T150101
[2025-05-19T15:01:01.989+0000] {local_task_job_runner.py:243} INFO - Task exited with return code 0
[2025-05-19T15:01:02.000+0000] {taskinstance.py:3503} INFO - 0 downstream tasks scheduled from follow-on schedule check
[2025-05-19T15:01:02.004+0000] {local_task_job_runner.py:222} INFO - ::endgroup::
