[2025-05-20T14:43:07.438+0000] {local_task_job_runner.py:120} INFO - ::group::Pre task execution logs
[2025-05-20T14:43:07.460+0000] {taskinstance.py:2076} INFO - Dependencies all met for dep_context=non-requeueable deps ti=<TaskInstance: duplicate_check.run_duplicate_check duplicate_check__2025-05-20T14:43:06.086424 [queued]>
[2025-05-20T14:43:07.467+0000] {taskinstance.py:2076} INFO - Dependencies all met for dep_context=requeueable deps ti=<TaskInstance: duplicate_check.run_duplicate_check duplicate_check__2025-05-20T14:43:06.086424 [queued]>
[2025-05-20T14:43:07.468+0000] {taskinstance.py:2306} INFO - Starting attempt 1 of 1
[2025-05-20T14:43:07.484+0000] {taskinstance.py:2330} INFO - Executing <Task(PythonOperator): run_duplicate_check> on 2025-05-20 14:43:06.101763+00:00
[2025-05-20T14:43:07.488+0000] {warnings.py:112} WARNING - /home/***/.local/lib/python3.12/site-packages/***/task/task_runner/standard_task_runner.py:62: DeprecationWarning: This process (pid=96) is multi-threaded, use of fork() may lead to deadlocks in the child.
  pid = os.fork()

[2025-05-20T14:43:07.489+0000] {standard_task_runner.py:64} INFO - Started process 97 to run task
[2025-05-20T14:43:07.490+0000] {standard_task_runner.py:90} INFO - Running: ['***', 'tasks', 'run', 'duplicate_check', 'run_duplicate_check', 'duplicate_check__2025-05-20T14:43:06.086424', '--job-id', '17', '--raw', '--subdir', 'DAGS_FOLDER/Duplicate_check.py', '--cfg-path', '/tmp/tmp7eag9lzz']
[2025-05-20T14:43:07.491+0000] {standard_task_runner.py:91} INFO - Job 17: Subtask run_duplicate_check
[2025-05-20T14:43:07.537+0000] {task_command.py:426} INFO - Running <TaskInstance: duplicate_check.run_duplicate_check duplicate_check__2025-05-20T14:43:06.086424 [running]> on host e153ee340532
[2025-05-20T14:43:07.616+0000] {taskinstance.py:2648} INFO - Exporting env vars: AIRFLOW_CTX_DAG_OWNER='***' AIRFLOW_CTX_DAG_ID='duplicate_check' AIRFLOW_CTX_TASK_ID='run_duplicate_check' AIRFLOW_CTX_EXECUTION_DATE='2025-05-20T14:43:06.101763+00:00' AIRFLOW_CTX_TRY_NUMBER='1' AIRFLOW_CTX_DAG_RUN_ID='duplicate_check__2025-05-20T14:43:06.086424'
[2025-05-20T14:43:07.620+0000] {taskinstance.py:430} INFO - ::endgroup::
[2025-05-20T14:43:07.725+0000] {taskinstance.py:441} INFO - ::group::Post task execution logs
[2025-05-20T14:43:07.726+0000] {taskinstance.py:2905} ERROR - Task failed with exception
Traceback (most recent call last):
  File "/home/airflow/.local/lib/python3.12/site-packages/sqlalchemy/engine/base.py", line 1910, in _execute_context
    self.dialect.do_execute(
  File "/home/airflow/.local/lib/python3.12/site-packages/sqlalchemy/engine/default.py", line 736, in do_execute
    cursor.execute(statement, parameters)
psycopg2.errors.UndefinedTable: ОШИБКА:  отношение "practic.cash_flow_fact_claim_x_ins_risk" не существует
LINE 5:             WHERE i.indrelid = 'Practic.cash_flow_fact_claim...
                                       ^


The above exception was the direct cause of the following exception:

Traceback (most recent call last):
  File "/home/airflow/.local/lib/python3.12/site-packages/airflow/models/taskinstance.py", line 465, in _execute_task
    result = _execute_callable(context=context, **execute_callable_kwargs)
             ^^^^^^^^^^^^^^^^^^^^^^^^^^^^^^^^^^^^^^^^^^^^^^^^^^^^^^^^^^^^^
  File "/home/airflow/.local/lib/python3.12/site-packages/airflow/models/taskinstance.py", line 432, in _execute_callable
    return execute_callable(context=context, **execute_callable_kwargs)
           ^^^^^^^^^^^^^^^^^^^^^^^^^^^^^^^^^^^^^^^^^^^^^^^^^^^^^^^^^^^^
  File "/home/airflow/.local/lib/python3.12/site-packages/airflow/models/baseoperator.py", line 401, in wrapper
    return func(self, *args, **kwargs)
           ^^^^^^^^^^^^^^^^^^^^^^^^^^^
  File "/home/airflow/.local/lib/python3.12/site-packages/airflow/operators/python.py", line 235, in execute
    return_value = self.execute_callable()
                   ^^^^^^^^^^^^^^^^^^^^^^^
  File "/home/airflow/.local/lib/python3.12/site-packages/airflow/operators/python.py", line 252, in execute_callable
    return self.python_callable(*self.op_args, **self.op_kwargs)
           ^^^^^^^^^^^^^^^^^^^^^^^^^^^^^^^^^^^^^^^^^^^^^^^^^^^^^
  File "/opt/airflow/dags/Duplicate_check.py", line 24, in run_duplicate_check
    pk_columns = [row[0] for row in conn.execute(text(pk_query)).fetchall()]
                                    ^^^^^^^^^^^^^^^^^^^^^^^^^^^^
  File "/home/airflow/.local/lib/python3.12/site-packages/sqlalchemy/engine/base.py", line 1385, in execute
    return meth(self, multiparams, params, _EMPTY_EXECUTION_OPTS)
           ^^^^^^^^^^^^^^^^^^^^^^^^^^^^^^^^^^^^^^^^^^^^^^^^^^^^^^
  File "/home/airflow/.local/lib/python3.12/site-packages/sqlalchemy/sql/elements.py", line 334, in _execute_on_connection
    return connection._execute_clauseelement(
           ^^^^^^^^^^^^^^^^^^^^^^^^^^^^^^^^^^
  File "/home/airflow/.local/lib/python3.12/site-packages/sqlalchemy/engine/base.py", line 1577, in _execute_clauseelement
    ret = self._execute_context(
          ^^^^^^^^^^^^^^^^^^^^^^
  File "/home/airflow/.local/lib/python3.12/site-packages/sqlalchemy/engine/base.py", line 1953, in _execute_context
    self._handle_dbapi_exception(
  File "/home/airflow/.local/lib/python3.12/site-packages/sqlalchemy/engine/base.py", line 2134, in _handle_dbapi_exception
    util.raise_(
  File "/home/airflow/.local/lib/python3.12/site-packages/sqlalchemy/util/compat.py", line 211, in raise_
    raise exception
  File "/home/airflow/.local/lib/python3.12/site-packages/sqlalchemy/engine/base.py", line 1910, in _execute_context
    self.dialect.do_execute(
  File "/home/airflow/.local/lib/python3.12/site-packages/sqlalchemy/engine/default.py", line 736, in do_execute
    cursor.execute(statement, parameters)
sqlalchemy.exc.ProgrammingError: (psycopg2.errors.UndefinedTable) ОШИБКА:  отношение "practic.cash_flow_fact_claim_x_ins_risk" не существует
LINE 5:             WHERE i.indrelid = 'Practic.cash_flow_fact_claim...
                                       ^

[SQL: 
            SELECT a.attname
            FROM pg_index i
            JOIN pg_attribute a ON a.attrelid = i.indrelid AND a.attnum = ANY(i.indkey)
            WHERE i.indrelid = 'Practic.cash_flow_fact_claim_x_ins_risk'::regclass AND i.indisprimary;
        ]
(Background on this error at: https://sqlalche.me/e/14/f405)
[2025-05-20T14:43:07.736+0000] {taskinstance.py:1206} INFO - Marking task as FAILED. dag_id=duplicate_check, task_id=run_duplicate_check, run_id=duplicate_check__2025-05-20T14:43:06.086424, execution_date=20250520T144306, start_date=20250520T144307, end_date=20250520T144307
[2025-05-20T14:43:07.749+0000] {standard_task_runner.py:110} ERROR - Failed to execute job 17 for task run_duplicate_check ((psycopg2.errors.UndefinedTable) ОШИБКА:  отношение "practic.cash_flow_fact_claim_x_ins_risk" не существует
LINE 5:             WHERE i.indrelid = 'Practic.cash_flow_fact_claim...
                                       ^

[SQL: 
            SELECT a.attname
            FROM pg_index i
            JOIN pg_attribute a ON a.attrelid = i.indrelid AND a.attnum = ANY(i.indkey)
            WHERE i.indrelid = 'Practic.cash_flow_fact_claim_x_ins_risk'::regclass AND i.indisprimary;
        ]
(Background on this error at: https://sqlalche.me/e/14/f405); 97)
[2025-05-20T14:43:07.783+0000] {local_task_job_runner.py:243} INFO - Task exited with return code 1
[2025-05-20T14:43:07.797+0000] {taskinstance.py:3503} INFO - 0 downstream tasks scheduled from follow-on schedule check
[2025-05-20T14:43:07.802+0000] {local_task_job_runner.py:222} INFO - ::endgroup::
