[2025-05-20T15:38:02.970+0000] {local_task_job_runner.py:120} INFO - ::group::Pre task execution logs
[2025-05-20T15:38:02.989+0000] {taskinstance.py:2076} INFO - Dependencies all met for dep_context=non-requeueable deps ti=<TaskInstance: export_result_to_excel.export_errors export_result__2025-05-20T15:38:01.380983 [queued]>
[2025-05-20T15:38:02.996+0000] {taskinstance.py:2076} INFO - Dependencies all met for dep_context=requeueable deps ti=<TaskInstance: export_result_to_excel.export_errors export_result__2025-05-20T15:38:01.380983 [queued]>
[2025-05-20T15:38:02.997+0000] {taskinstance.py:2306} INFO - Starting attempt 1 of 1
[2025-05-20T15:38:03.140+0000] {taskinstance.py:2330} INFO - Executing <Task(PythonOperator): export_errors> on 2025-05-20 15:38:01.391414+00:00
[2025-05-20T15:38:03.145+0000] {warnings.py:112} WARNING - /home/***/.local/lib/python3.12/site-packages/***/task/task_runner/standard_task_runner.py:62: DeprecationWarning: This process (pid=116) is multi-threaded, use of fork() may lead to deadlocks in the child.
  pid = os.fork()

[2025-05-20T15:38:03.146+0000] {standard_task_runner.py:64} INFO - Started process 118 to run task
[2025-05-20T15:38:03.146+0000] {standard_task_runner.py:90} INFO - Running: ['***', 'tasks', 'run', 'export_result_to_excel', 'export_errors', 'export_result__2025-05-20T15:38:01.380983', '--job-id', '27', '--raw', '--subdir', 'DAGS_FOLDER/report_to_excel.py', '--cfg-path', '/tmp/tmpqfqbjaha']
[2025-05-20T15:38:03.148+0000] {standard_task_runner.py:91} INFO - Job 27: Subtask export_errors
[2025-05-20T15:38:03.186+0000] {task_command.py:426} INFO - Running <TaskInstance: export_result_to_excel.export_errors export_result__2025-05-20T15:38:01.380983 [running]> on host e153ee340532
[2025-05-20T15:38:03.259+0000] {taskinstance.py:2648} INFO - Exporting env vars: AIRFLOW_CTX_DAG_OWNER='***' AIRFLOW_CTX_DAG_ID='export_result_to_excel' AIRFLOW_CTX_TASK_ID='export_errors' AIRFLOW_CTX_EXECUTION_DATE='2025-05-20T15:38:01.391414+00:00' AIRFLOW_CTX_TRY_NUMBER='1' AIRFLOW_CTX_DAG_RUN_ID='export_result__2025-05-20T15:38:01.380983'
[2025-05-20T15:38:03.260+0000] {taskinstance.py:430} INFO - ::endgroup::
[2025-05-20T15:38:03.399+0000] {logging_mixin.py:188} INFO - Файл сохранён: /opt/***/reports/report_result_22.xlsx
[2025-05-20T15:38:03.400+0000] {python.py:237} INFO - Done. Returned value was: None
[2025-05-20T15:38:03.400+0000] {taskinstance.py:441} INFO - ::group::Post task execution logs
[2025-05-20T15:38:03.407+0000] {taskinstance.py:1206} INFO - Marking task as SUCCESS. dag_id=export_result_to_excel, task_id=export_errors, run_id=export_result__2025-05-20T15:38:01.380983, execution_date=20250520T153801, start_date=20250520T153802, end_date=20250520T153803
[2025-05-20T15:38:03.440+0000] {local_task_job_runner.py:243} INFO - Task exited with return code 0
[2025-05-20T15:38:03.454+0000] {taskinstance.py:3503} INFO - 0 downstream tasks scheduled from follow-on schedule check
[2025-05-20T15:38:03.458+0000] {local_task_job_runner.py:222} INFO - ::endgroup::
