[2025-05-19T13:54:52.451+0000] {local_task_job_runner.py:120} INFO - ::group::Pre task execution logs
[2025-05-19T13:54:52.470+0000] {taskinstance.py:2076} INFO - Dependencies all met for dep_context=non-requeueable deps ti=<TaskInstance: referential_integrity_check.run_check referential_integrity_check__2025-05-19T13:54:51.618660 [queued]>
[2025-05-19T13:54:52.575+0000] {taskinstance.py:2076} INFO - Dependencies all met for dep_context=requeueable deps ti=<TaskInstance: referential_integrity_check.run_check referential_integrity_check__2025-05-19T13:54:51.618660 [queued]>
[2025-05-19T13:54:52.576+0000] {taskinstance.py:2306} INFO - Starting attempt 1 of 1
[2025-05-19T13:54:52.591+0000] {taskinstance.py:2330} INFO - Executing <Task(PythonOperator): run_check> on 2025-05-19 13:54:51.789431+00:00
[2025-05-19T13:54:52.595+0000] {warnings.py:112} WARNING - /home/***/.local/lib/python3.12/site-packages/***/task/task_runner/standard_task_runner.py:62: DeprecationWarning: This process (pid=65) is multi-threaded, use of fork() may lead to deadlocks in the child.
  pid = os.fork()

[2025-05-19T13:54:52.596+0000] {standard_task_runner.py:64} INFO - Started process 67 to run task
[2025-05-19T13:54:52.596+0000] {standard_task_runner.py:90} INFO - Running: ['***', 'tasks', 'run', 'referential_integrity_check', 'run_check', 'referential_integrity_check__2025-05-19T13:54:51.618660', '--job-id', '100', '--raw', '--subdir', 'DAGS_FOLDER/referential_integrity_check.py', '--cfg-path', '/tmp/tmprywd09da']
[2025-05-19T13:54:52.598+0000] {standard_task_runner.py:91} INFO - Job 100: Subtask run_check
[2025-05-19T13:54:52.639+0000] {task_command.py:426} INFO - Running <TaskInstance: referential_integrity_check.run_check referential_integrity_check__2025-05-19T13:54:51.618660 [running]> on host eb2ce5b80fbb
[2025-05-19T13:54:52.745+0000] {taskinstance.py:2648} INFO - Exporting env vars: AIRFLOW_CTX_DAG_OWNER='***' AIRFLOW_CTX_DAG_ID='referential_integrity_check' AIRFLOW_CTX_TASK_ID='run_check' AIRFLOW_CTX_EXECUTION_DATE='2025-05-19T13:54:51.789431+00:00' AIRFLOW_CTX_TRY_NUMBER='1' AIRFLOW_CTX_DAG_RUN_ID='referential_integrity_check__2025-05-19T13:54:51.618660'
[2025-05-19T13:54:52.748+0000] {taskinstance.py:430} INFO - ::endgroup::
[2025-05-19T13:54:52.809+0000] {logging_mixin.py:188} INFO - Найдено 2 нарушений ссылочной целостности.
[2025-05-19T13:54:52.816+0000] {logging_mixin.py:188} INFO - Ошибки сохранены в /opt/***/reports/referential_errors_20250519_135452.csv
[2025-05-19T13:54:52.817+0000] {python.py:237} INFO - Done. Returned value was: {'status': 'failed', 'error_count': 2, 'report_path': '/opt/***/reports/referential_errors_20250519_135452.csv'}
[2025-05-19T13:54:52.818+0000] {taskinstance.py:441} INFO - ::group::Post task execution logs
[2025-05-19T13:54:52.838+0000] {taskinstance.py:1206} INFO - Marking task as SUCCESS. dag_id=referential_integrity_check, task_id=run_check, run_id=referential_integrity_check__2025-05-19T13:54:51.618660, execution_date=20250519T135451, start_date=20250519T135452, end_date=20250519T135452
[2025-05-19T13:54:52.889+0000] {local_task_job_runner.py:243} INFO - Task exited with return code 0
[2025-05-19T13:54:52.901+0000] {taskinstance.py:3503} INFO - 0 downstream tasks scheduled from follow-on schedule check
[2025-05-19T13:54:52.906+0000] {local_task_job_runner.py:222} INFO - ::endgroup::
