[2025-05-19T18:09:03.540+0000] {local_task_job_runner.py:120} INFO - ::group::Pre task execution logs
[2025-05-19T18:09:03.559+0000] {taskinstance.py:2076} INFO - Dependencies all met for dep_context=non-requeueable deps ti=<TaskInstance: referential_integrity_check.run_check manual__2025-05-19T18:09:00.582080+00:00 [queued]>
[2025-05-19T18:09:03.565+0000] {taskinstance.py:2076} INFO - Dependencies all met for dep_context=requeueable deps ti=<TaskInstance: referential_integrity_check.run_check manual__2025-05-19T18:09:00.582080+00:00 [queued]>
[2025-05-19T18:09:03.566+0000] {taskinstance.py:2306} INFO - Starting attempt 1 of 1
[2025-05-19T18:09:03.579+0000] {taskinstance.py:2330} INFO - Executing <Task(PythonOperator): run_check> on 2025-05-19 18:09:00.582080+00:00
[2025-05-19T18:09:03.583+0000] {warnings.py:112} WARNING - /home/***/.local/lib/python3.12/site-packages/***/task/task_runner/standard_task_runner.py:62: DeprecationWarning: This process (pid=52) is multi-threaded, use of fork() may lead to deadlocks in the child.
  pid = os.fork()

[2025-05-19T18:09:03.584+0000] {standard_task_runner.py:64} INFO - Started process 54 to run task
[2025-05-19T18:09:03.584+0000] {standard_task_runner.py:90} INFO - Running: ['***', 'tasks', 'run', 'referential_integrity_check', 'run_check', 'manual__2025-05-19T18:09:00.582080+00:00', '--job-id', '141', '--raw', '--subdir', 'DAGS_FOLDER/referential_integrity_check.py', '--cfg-path', '/tmp/tmp03ddp6qm']
[2025-05-19T18:09:03.586+0000] {standard_task_runner.py:91} INFO - Job 141: Subtask run_check
[2025-05-19T18:09:03.622+0000] {task_command.py:426} INFO - Running <TaskInstance: referential_integrity_check.run_check manual__2025-05-19T18:09:00.582080+00:00 [running]> on host 82bf7569e56f
[2025-05-19T18:09:03.699+0000] {taskinstance.py:2648} INFO - Exporting env vars: AIRFLOW_CTX_DAG_OWNER='***' AIRFLOW_CTX_DAG_ID='referential_integrity_check' AIRFLOW_CTX_TASK_ID='run_check' AIRFLOW_CTX_EXECUTION_DATE='2025-05-19T18:09:00.582080+00:00' AIRFLOW_CTX_TRY_NUMBER='1' AIRFLOW_CTX_DAG_RUN_ID='manual__2025-05-19T18:09:00.582080+00:00'
[2025-05-19T18:09:03.700+0000] {taskinstance.py:430} INFO - ::endgroup::
[2025-05-19T18:09:03.722+0000] {taskinstance.py:441} INFO - ::group::Post task execution logs
[2025-05-19T18:09:03.723+0000] {taskinstance.py:2905} ERROR - Task failed with exception
Traceback (most recent call last):
  File "/home/airflow/.local/lib/python3.12/site-packages/airflow/models/taskinstance.py", line 465, in _execute_task
    result = _execute_callable(context=context, **execute_callable_kwargs)
             ^^^^^^^^^^^^^^^^^^^^^^^^^^^^^^^^^^^^^^^^^^^^^^^^^^^^^^^^^^^^^
  File "/home/airflow/.local/lib/python3.12/site-packages/airflow/models/taskinstance.py", line 432, in _execute_callable
    return execute_callable(context=context, **execute_callable_kwargs)
           ^^^^^^^^^^^^^^^^^^^^^^^^^^^^^^^^^^^^^^^^^^^^^^^^^^^^^^^^^^^^
  File "/home/airflow/.local/lib/python3.12/site-packages/airflow/models/baseoperator.py", line 401, in wrapper
    return func(self, *args, **kwargs)
           ^^^^^^^^^^^^^^^^^^^^^^^^^^^
  File "/home/airflow/.local/lib/python3.12/site-packages/airflow/operators/python.py", line 235, in execute
    return_value = self.execute_callable()
                   ^^^^^^^^^^^^^^^^^^^^^^^
  File "/home/airflow/.local/lib/python3.12/site-packages/airflow/operators/python.py", line 252, in execute_callable
    return self.python_callable(*self.op_args, **self.op_kwargs)
           ^^^^^^^^^^^^^^^^^^^^^^^^^^^^^^^^^^^^^^^^^^^^^^^^^^^^^
  File "/opt/airflow/dags/referential_integrity_check.py", line 27, in run_check_and_save_to_db
    raise ValueError("Не все параметры указаны")
ValueError: Не все параметры указаны
[2025-05-19T18:09:03.731+0000] {taskinstance.py:1206} INFO - Marking task as FAILED. dag_id=referential_integrity_check, task_id=run_check, run_id=manual__2025-05-19T18:09:00.582080+00:00, execution_date=20250519T180900, start_date=20250519T180903, end_date=20250519T180903
[2025-05-19T18:09:03.743+0000] {standard_task_runner.py:110} ERROR - Failed to execute job 141 for task run_check (Не все параметры указаны; 54)
[2025-05-19T18:09:03.758+0000] {local_task_job_runner.py:243} INFO - Task exited with return code 1
[2025-05-19T18:09:03.770+0000] {taskinstance.py:3503} INFO - 0 downstream tasks scheduled from follow-on schedule check
[2025-05-19T18:09:03.772+0000] {local_task_job_runner.py:222} INFO - ::endgroup::
