[2025-05-20T17:53:44.123+0000] {local_task_job_runner.py:120} INFO - ::group::Pre task execution logs
[2025-05-20T17:53:44.141+0000] {taskinstance.py:2076} INFO - Dependencies all met for dep_context=non-requeueable deps ti=<TaskInstance: export_results_by_period.export_results_task export_results_by_period__2025-05-20T17:53:41.299287 [queued]>
[2025-05-20T17:53:44.148+0000] {taskinstance.py:2076} INFO - Dependencies all met for dep_context=requeueable deps ti=<TaskInstance: export_results_by_period.export_results_task export_results_by_period__2025-05-20T17:53:41.299287 [queued]>
[2025-05-20T17:53:44.149+0000] {taskinstance.py:2306} INFO - Starting attempt 1 of 1
[2025-05-20T17:53:44.163+0000] {taskinstance.py:2330} INFO - Executing <Task(PythonOperator): export_results_task> on 2025-05-20 17:53:41.333861+00:00
[2025-05-20T17:53:44.168+0000] {warnings.py:112} WARNING - /home/***/.local/lib/python3.12/site-packages/***/task/task_runner/standard_task_runner.py:62: DeprecationWarning: This process (pid=61) is multi-threaded, use of fork() may lead to deadlocks in the child.
  pid = os.fork()

[2025-05-20T17:53:44.169+0000] {standard_task_runner.py:64} INFO - Started process 63 to run task
[2025-05-20T17:53:44.169+0000] {standard_task_runner.py:90} INFO - Running: ['***', 'tasks', 'run', 'export_results_by_period', 'export_results_task', 'export_results_by_period__2025-05-20T17:53:41.299287', '--job-id', '53', '--raw', '--subdir', 'DAGS_FOLDER/export_results_by_period.py', '--cfg-path', '/tmp/tmplyjtrp4f']
[2025-05-20T17:53:44.171+0000] {standard_task_runner.py:91} INFO - Job 53: Subtask export_results_task
[2025-05-20T17:53:44.214+0000] {task_command.py:426} INFO - Running <TaskInstance: export_results_by_period.export_results_task export_results_by_period__2025-05-20T17:53:41.299287 [running]> on host 88857a4adfa3
[2025-05-20T17:53:44.302+0000] {taskinstance.py:2648} INFO - Exporting env vars: AIRFLOW_CTX_DAG_OWNER='***' AIRFLOW_CTX_DAG_ID='export_results_by_period' AIRFLOW_CTX_TASK_ID='export_results_task' AIRFLOW_CTX_EXECUTION_DATE='2025-05-20T17:53:41.333861+00:00' AIRFLOW_CTX_TRY_NUMBER='1' AIRFLOW_CTX_DAG_RUN_ID='export_results_by_period__2025-05-20T17:53:41.299287'
[2025-05-20T17:53:44.303+0000] {taskinstance.py:430} INFO - ::endgroup::
[2025-05-20T17:53:44.508+0000] {logging_mixin.py:188} INFO - [✓] Финальный отчёт создан: /opt/***/reports/results_2025-05-16_to_2025-05-21.xlsx
[2025-05-20T17:53:44.509+0000] {python.py:237} INFO - Done. Returned value was: None
[2025-05-20T17:53:44.509+0000] {taskinstance.py:441} INFO - ::group::Post task execution logs
[2025-05-20T17:53:44.517+0000] {taskinstance.py:1206} INFO - Marking task as SUCCESS. dag_id=export_results_by_period, task_id=export_results_task, run_id=export_results_by_period__2025-05-20T17:53:41.299287, execution_date=20250520T175341, start_date=20250520T175344, end_date=20250520T175344
[2025-05-20T17:53:44.543+0000] {local_task_job_runner.py:243} INFO - Task exited with return code 0
[2025-05-20T17:53:44.557+0000] {taskinstance.py:3503} INFO - 0 downstream tasks scheduled from follow-on schedule check
[2025-05-20T17:53:44.561+0000] {local_task_job_runner.py:222} INFO - ::endgroup::
