[2025-05-19T14:31:11.876+0000] {local_task_job_runner.py:120} INFO - ::group::Pre task execution logs
[2025-05-19T14:31:11.896+0000] {taskinstance.py:2076} INFO - Dependencies all met for dep_context=non-requeueable deps ti=<TaskInstance: referential_integrity_check.run_check referential_integrity_check__2025-05-19T14:31:10.432227 [queued]>
[2025-05-19T14:31:12.009+0000] {taskinstance.py:2076} INFO - Dependencies all met for dep_context=requeueable deps ti=<TaskInstance: referential_integrity_check.run_check referential_integrity_check__2025-05-19T14:31:10.432227 [queued]>
[2025-05-19T14:31:12.009+0000] {taskinstance.py:2306} INFO - Starting attempt 1 of 1
[2025-05-19T14:31:12.022+0000] {taskinstance.py:2330} INFO - Executing <Task(PythonOperator): run_check> on 2025-05-19 14:31:10.590238+00:00
[2025-05-19T14:31:12.026+0000] {warnings.py:112} WARNING - /home/***/.local/lib/python3.12/site-packages/***/task/task_runner/standard_task_runner.py:62: DeprecationWarning: This process (pid=64) is multi-threaded, use of fork() may lead to deadlocks in the child.
  pid = os.fork()

[2025-05-19T14:31:12.027+0000] {standard_task_runner.py:64} INFO - Started process 66 to run task
[2025-05-19T14:31:12.027+0000] {standard_task_runner.py:90} INFO - Running: ['***', 'tasks', 'run', 'referential_integrity_check', 'run_check', 'referential_integrity_check__2025-05-19T14:31:10.432227', '--job-id', '112', '--raw', '--subdir', 'DAGS_FOLDER/referential_integrity_check.py', '--cfg-path', '/tmp/tmp45ti29k5']
[2025-05-19T14:31:12.029+0000] {standard_task_runner.py:91} INFO - Job 112: Subtask run_check
[2025-05-19T14:31:12.066+0000] {task_command.py:426} INFO - Running <TaskInstance: referential_integrity_check.run_check referential_integrity_check__2025-05-19T14:31:10.432227 [running]> on host a8e7697decfa
[2025-05-19T14:31:12.140+0000] {taskinstance.py:2648} INFO - Exporting env vars: AIRFLOW_CTX_DAG_OWNER='***' AIRFLOW_CTX_DAG_ID='referential_integrity_check' AIRFLOW_CTX_TASK_ID='run_check' AIRFLOW_CTX_EXECUTION_DATE='2025-05-19T14:31:10.590238+00:00' AIRFLOW_CTX_TRY_NUMBER='1' AIRFLOW_CTX_DAG_RUN_ID='referential_integrity_check__2025-05-19T14:31:10.432227'
[2025-05-19T14:31:12.141+0000] {taskinstance.py:430} INFO - ::endgroup::
[2025-05-19T14:31:12.197+0000] {logging_mixin.py:188} INFO - Найдено 20 нарушений ссылочной целостности.
[2025-05-19T14:31:12.205+0000] {logging_mixin.py:188} INFO - Ошибки сохранены в /opt/***/reports/referential_errors_20250519_143112.csv
[2025-05-19T14:31:12.206+0000] {python.py:237} INFO - Done. Returned value was: {'status': 'failed', 'error_count': 20, 'report_path': '/opt/***/reports/referential_errors_20250519_143112.csv'}
[2025-05-19T14:31:12.206+0000] {taskinstance.py:441} INFO - ::group::Post task execution logs
[2025-05-19T14:31:12.224+0000] {taskinstance.py:1206} INFO - Marking task as SUCCESS. dag_id=referential_integrity_check, task_id=run_check, run_id=referential_integrity_check__2025-05-19T14:31:10.432227, execution_date=20250519T143110, start_date=20250519T143111, end_date=20250519T143112
[2025-05-19T14:31:12.241+0000] {local_task_job_runner.py:243} INFO - Task exited with return code 0
[2025-05-19T14:31:12.253+0000] {taskinstance.py:3503} INFO - 0 downstream tasks scheduled from follow-on schedule check
[2025-05-19T14:31:12.258+0000] {local_task_job_runner.py:222} INFO - ::endgroup::
