[2025-05-20T17:34:43.734+0000] {local_task_job_runner.py:120} INFO - ::group::Pre task execution logs
[2025-05-20T17:34:43.753+0000] {taskinstance.py:2076} INFO - Dependencies all met for dep_context=non-requeueable deps ti=<TaskInstance: export_results_by_period.export_results_task export_results_by_period__2025-05-20T17:34:42.192209 [queued]>
[2025-05-20T17:34:43.858+0000] {taskinstance.py:2076} INFO - Dependencies all met for dep_context=requeueable deps ti=<TaskInstance: export_results_by_period.export_results_task export_results_by_period__2025-05-20T17:34:42.192209 [queued]>
[2025-05-20T17:34:43.859+0000] {taskinstance.py:2306} INFO - Starting attempt 1 of 1
[2025-05-20T17:34:43.872+0000] {taskinstance.py:2330} INFO - Executing <Task(PythonOperator): export_results_task> on 2025-05-20 17:34:42.210824+00:00
[2025-05-20T17:34:43.876+0000] {warnings.py:112} WARNING - /home/***/.local/lib/python3.12/site-packages/***/task/task_runner/standard_task_runner.py:62: DeprecationWarning: This process (pid=76) is multi-threaded, use of fork() may lead to deadlocks in the child.
  pid = os.fork()

[2025-05-20T17:34:43.878+0000] {standard_task_runner.py:64} INFO - Started process 78 to run task
[2025-05-20T17:34:43.878+0000] {standard_task_runner.py:90} INFO - Running: ['***', 'tasks', 'run', 'export_results_by_period', 'export_results_task', 'export_results_by_period__2025-05-20T17:34:42.192209', '--job-id', '49', '--raw', '--subdir', 'DAGS_FOLDER/export_results_by_period.py', '--cfg-path', '/tmp/tmp20yh9e48']
[2025-05-20T17:34:43.879+0000] {standard_task_runner.py:91} INFO - Job 49: Subtask export_results_task
[2025-05-20T17:34:43.919+0000] {task_command.py:426} INFO - Running <TaskInstance: export_results_by_period.export_results_task export_results_by_period__2025-05-20T17:34:42.192209 [running]> on host 61f74d83478a
[2025-05-20T17:34:43.995+0000] {taskinstance.py:2648} INFO - Exporting env vars: AIRFLOW_CTX_DAG_OWNER='***' AIRFLOW_CTX_DAG_ID='export_results_by_period' AIRFLOW_CTX_TASK_ID='export_results_task' AIRFLOW_CTX_EXECUTION_DATE='2025-05-20T17:34:42.210824+00:00' AIRFLOW_CTX_TRY_NUMBER='1' AIRFLOW_CTX_DAG_RUN_ID='export_results_by_period__2025-05-20T17:34:42.192209'
[2025-05-20T17:34:43.996+0000] {taskinstance.py:430} INFO - ::endgroup::
[2025-05-20T17:34:44.104+0000] {taskinstance.py:441} INFO - ::group::Post task execution logs
[2025-05-20T17:34:44.105+0000] {taskinstance.py:2905} ERROR - Task failed with exception
Traceback (most recent call last):
  File "/home/airflow/.local/lib/python3.12/site-packages/airflow/models/taskinstance.py", line 465, in _execute_task
    result = _execute_callable(context=context, **execute_callable_kwargs)
             ^^^^^^^^^^^^^^^^^^^^^^^^^^^^^^^^^^^^^^^^^^^^^^^^^^^^^^^^^^^^^
  File "/home/airflow/.local/lib/python3.12/site-packages/airflow/models/taskinstance.py", line 432, in _execute_callable
    return execute_callable(context=context, **execute_callable_kwargs)
           ^^^^^^^^^^^^^^^^^^^^^^^^^^^^^^^^^^^^^^^^^^^^^^^^^^^^^^^^^^^^
  File "/home/airflow/.local/lib/python3.12/site-packages/airflow/models/baseoperator.py", line 401, in wrapper
    return func(self, *args, **kwargs)
           ^^^^^^^^^^^^^^^^^^^^^^^^^^^
  File "/home/airflow/.local/lib/python3.12/site-packages/airflow/operators/python.py", line 235, in execute
    return_value = self.execute_callable()
                   ^^^^^^^^^^^^^^^^^^^^^^^
  File "/home/airflow/.local/lib/python3.12/site-packages/airflow/operators/python.py", line 252, in execute_callable
    return self.python_callable(*self.op_args, **self.op_kwargs)
           ^^^^^^^^^^^^^^^^^^^^^^^^^^^^^^^^^^^^^^^^^^^^^^^^^^^^^
  File "/opt/airflow/dags/export_results_by_period.py", line 64, in export_results_by_period
    with pd.ExcelWriter(output_path, engine="openpyxl") as writer:
         ^^^^^^^^^^^^^^^^^^^^^^^^^^^^^^^^^^^^^^^^^^^^^^
  File "/home/airflow/.local/lib/python3.12/site-packages/pandas/io/excel/_openpyxl.py", line 61, in __init__
    super().__init__(
  File "/home/airflow/.local/lib/python3.12/site-packages/pandas/io/excel/_base.py", line 1263, in __init__
    self._handles = get_handle(
                    ^^^^^^^^^^^
  File "/home/airflow/.local/lib/python3.12/site-packages/pandas/io/common.py", line 872, in get_handle
    handle = open(handle, ioargs.mode)
             ^^^^^^^^^^^^^^^^^^^^^^^^^
PermissionError: [Errno 13] Permission denied: '/opt/airflow/reports/results_2025-05-18_to_2025-05-21.xlsx'
[2025-05-20T17:34:44.116+0000] {taskinstance.py:1206} INFO - Marking task as FAILED. dag_id=export_results_by_period, task_id=export_results_task, run_id=export_results_by_period__2025-05-20T17:34:42.192209, execution_date=20250520T173442, start_date=20250520T173443, end_date=20250520T173444
[2025-05-20T17:34:44.128+0000] {standard_task_runner.py:110} ERROR - Failed to execute job 49 for task export_results_task ([Errno 13] Permission denied: '/opt/airflow/reports/results_2025-05-18_to_2025-05-21.xlsx'; 78)
[2025-05-20T17:34:44.172+0000] {local_task_job_runner.py:243} INFO - Task exited with return code 1
[2025-05-20T17:34:44.183+0000] {taskinstance.py:3503} INFO - 0 downstream tasks scheduled from follow-on schedule check
[2025-05-20T17:34:44.188+0000] {local_task_job_runner.py:222} INFO - ::endgroup::
