[2025-05-20T10:20:41.719+0000] {local_task_job_runner.py:120} INFO - ::group::Pre task execution logs
[2025-05-20T10:20:41.842+0000] {taskinstance.py:2076} INFO - Dependencies all met for dep_context=non-requeueable deps ti=<TaskInstance: export_result_to_excel.export_errors export_result__2025-05-20T10:20:39.990010 [queued]>
[2025-05-20T10:20:41.848+0000] {taskinstance.py:2076} INFO - Dependencies all met for dep_context=requeueable deps ti=<TaskInstance: export_result_to_excel.export_errors export_result__2025-05-20T10:20:39.990010 [queued]>
[2025-05-20T10:20:41.849+0000] {taskinstance.py:2306} INFO - Starting attempt 1 of 1
[2025-05-20T10:20:41.861+0000] {taskinstance.py:2330} INFO - Executing <Task(PythonOperator): export_errors> on 2025-05-20 10:20:40.144007+00:00
[2025-05-20T10:20:41.865+0000] {warnings.py:112} WARNING - /home/***/.local/lib/python3.12/site-packages/***/task/task_runner/standard_task_runner.py:62: DeprecationWarning: This process (pid=100) is multi-threaded, use of fork() may lead to deadlocks in the child.
  pid = os.fork()

[2025-05-20T10:20:41.867+0000] {standard_task_runner.py:64} INFO - Started process 102 to run task
[2025-05-20T10:20:41.867+0000] {standard_task_runner.py:90} INFO - Running: ['***', 'tasks', 'run', 'export_result_to_excel', 'export_errors', 'export_result__2025-05-20T10:20:39.990010', '--job-id', '85', '--raw', '--subdir', 'DAGS_FOLDER/report_to_excel.py', '--cfg-path', '/tmp/tmpha42ydcb']
[2025-05-20T10:20:41.868+0000] {standard_task_runner.py:91} INFO - Job 85: Subtask export_errors
[2025-05-20T10:20:41.904+0000] {task_command.py:426} INFO - Running <TaskInstance: export_result_to_excel.export_errors export_result__2025-05-20T10:20:39.990010 [running]> on host ce279338416b
[2025-05-20T10:20:41.975+0000] {taskinstance.py:2648} INFO - Exporting env vars: AIRFLOW_CTX_DAG_OWNER='***' AIRFLOW_CTX_DAG_ID='export_result_to_excel' AIRFLOW_CTX_TASK_ID='export_errors' AIRFLOW_CTX_EXECUTION_DATE='2025-05-20T10:20:40.144007+00:00' AIRFLOW_CTX_TRY_NUMBER='1' AIRFLOW_CTX_DAG_RUN_ID='export_result__2025-05-20T10:20:39.990010'
[2025-05-20T10:20:41.976+0000] {taskinstance.py:430} INFO - ::endgroup::
[2025-05-20T10:20:42.094+0000] {logging_mixin.py:188} INFO - Файл сохранен: /opt/***/reports/report_result_48.xlsx
[2025-05-20T10:20:42.094+0000] {python.py:237} INFO - Done. Returned value was: None
[2025-05-20T10:20:42.095+0000] {taskinstance.py:441} INFO - ::group::Post task execution logs
[2025-05-20T10:20:42.101+0000] {taskinstance.py:1206} INFO - Marking task as SUCCESS. dag_id=export_result_to_excel, task_id=export_errors, run_id=export_result__2025-05-20T10:20:39.990010, execution_date=20250520T102040, start_date=20250520T102041, end_date=20250520T102042
[2025-05-20T10:20:42.121+0000] {local_task_job_runner.py:243} INFO - Task exited with return code 0
[2025-05-20T10:20:42.132+0000] {taskinstance.py:3503} INFO - 0 downstream tasks scheduled from follow-on schedule check
[2025-05-20T10:20:42.136+0000] {local_task_job_runner.py:222} INFO - ::endgroup::
