[2025-05-19T14:35:41.825+0000] {local_task_job_runner.py:120} INFO - ::group::Pre task execution logs
[2025-05-19T14:35:41.845+0000] {taskinstance.py:2076} INFO - Dependencies all met for dep_context=non-requeueable deps ti=<TaskInstance: referential_integrity_check.run_check referential_integrity_check__2025-05-19T14:35:40.167275 [queued]>
[2025-05-19T14:35:41.958+0000] {taskinstance.py:2076} INFO - Dependencies all met for dep_context=requeueable deps ti=<TaskInstance: referential_integrity_check.run_check referential_integrity_check__2025-05-19T14:35:40.167275 [queued]>
[2025-05-19T14:35:41.959+0000] {taskinstance.py:2306} INFO - Starting attempt 1 of 1
[2025-05-19T14:35:41.973+0000] {taskinstance.py:2330} INFO - Executing <Task(PythonOperator): run_check> on 2025-05-19 14:35:40.368187+00:00
[2025-05-19T14:35:41.977+0000] {warnings.py:112} WARNING - /home/***/.local/lib/python3.12/site-packages/***/task/task_runner/standard_task_runner.py:62: DeprecationWarning: This process (pid=76) is multi-threaded, use of fork() may lead to deadlocks in the child.
  pid = os.fork()

[2025-05-19T14:35:41.979+0000] {standard_task_runner.py:64} INFO - Started process 78 to run task
[2025-05-19T14:35:41.979+0000] {standard_task_runner.py:90} INFO - Running: ['***', 'tasks', 'run', 'referential_integrity_check', 'run_check', 'referential_integrity_check__2025-05-19T14:35:40.167275', '--job-id', '116', '--raw', '--subdir', 'DAGS_FOLDER/referential_integrity_check.py', '--cfg-path', '/tmp/tmpiiflid5f']
[2025-05-19T14:35:41.981+0000] {standard_task_runner.py:91} INFO - Job 116: Subtask run_check
[2025-05-19T14:35:42.023+0000] {task_command.py:426} INFO - Running <TaskInstance: referential_integrity_check.run_check referential_integrity_check__2025-05-19T14:35:40.167275 [running]> on host a8e7697decfa
[2025-05-19T14:35:42.104+0000] {taskinstance.py:2648} INFO - Exporting env vars: AIRFLOW_CTX_DAG_OWNER='***' AIRFLOW_CTX_DAG_ID='referential_integrity_check' AIRFLOW_CTX_TASK_ID='run_check' AIRFLOW_CTX_EXECUTION_DATE='2025-05-19T14:35:40.368187+00:00' AIRFLOW_CTX_TRY_NUMBER='1' AIRFLOW_CTX_DAG_RUN_ID='referential_integrity_check__2025-05-19T14:35:40.167275'
[2025-05-19T14:35:42.105+0000] {taskinstance.py:430} INFO - ::endgroup::
[2025-05-19T14:35:42.165+0000] {logging_mixin.py:188} INFO - Найдено 2 нарушений ссылочной целостности.
[2025-05-19T14:35:42.173+0000] {logging_mixin.py:188} INFO - Ошибки сохранены в /opt/***/reports/referential_errors_20250519_143542.csv
[2025-05-19T14:35:42.174+0000] {python.py:237} INFO - Done. Returned value was: {'status': 'failed', 'error_count': 2, 'report_path': '/opt/***/reports/referential_errors_20250519_143542.csv'}
[2025-05-19T14:35:42.175+0000] {taskinstance.py:441} INFO - ::group::Post task execution logs
[2025-05-19T14:35:42.194+0000] {taskinstance.py:1206} INFO - Marking task as SUCCESS. dag_id=referential_integrity_check, task_id=run_check, run_id=referential_integrity_check__2025-05-19T14:35:40.167275, execution_date=20250519T143540, start_date=20250519T143541, end_date=20250519T143542
[2025-05-19T14:35:42.233+0000] {local_task_job_runner.py:243} INFO - Task exited with return code 0
[2025-05-19T14:35:42.245+0000] {taskinstance.py:3503} INFO - 0 downstream tasks scheduled from follow-on schedule check
[2025-05-19T14:35:42.251+0000] {local_task_job_runner.py:222} INFO - ::endgroup::
