[2025-05-19T14:35:22.746+0000] {local_task_job_runner.py:120} INFO - ::group::Pre task execution logs
[2025-05-19T14:35:22.766+0000] {taskinstance.py:2076} INFO - Dependencies all met for dep_context=non-requeueable deps ti=<TaskInstance: referential_integrity_check.run_check referential_integrity_check__2025-05-19T14:35:21.784165 [queued]>
[2025-05-19T14:35:22.882+0000] {taskinstance.py:2076} INFO - Dependencies all met for dep_context=requeueable deps ti=<TaskInstance: referential_integrity_check.run_check referential_integrity_check__2025-05-19T14:35:21.784165 [queued]>
[2025-05-19T14:35:22.882+0000] {taskinstance.py:2306} INFO - Starting attempt 1 of 1
[2025-05-19T14:35:22.898+0000] {taskinstance.py:2330} INFO - Executing <Task(PythonOperator): run_check> on 2025-05-19 14:35:21.964256+00:00
[2025-05-19T14:35:22.902+0000] {warnings.py:112} WARNING - /home/***/.local/lib/python3.12/site-packages/***/task/task_runner/standard_task_runner.py:62: DeprecationWarning: This process (pid=70) is multi-threaded, use of fork() may lead to deadlocks in the child.
  pid = os.fork()

[2025-05-19T14:35:22.903+0000] {standard_task_runner.py:64} INFO - Started process 72 to run task
[2025-05-19T14:35:22.903+0000] {standard_task_runner.py:90} INFO - Running: ['***', 'tasks', 'run', 'referential_integrity_check', 'run_check', 'referential_integrity_check__2025-05-19T14:35:21.784165', '--job-id', '114', '--raw', '--subdir', 'DAGS_FOLDER/referential_integrity_check.py', '--cfg-path', '/tmp/tmp4i0qkqg3']
[2025-05-19T14:35:22.905+0000] {standard_task_runner.py:91} INFO - Job 114: Subtask run_check
[2025-05-19T14:35:22.942+0000] {task_command.py:426} INFO - Running <TaskInstance: referential_integrity_check.run_check referential_integrity_check__2025-05-19T14:35:21.784165 [running]> on host a8e7697decfa
[2025-05-19T14:35:23.019+0000] {taskinstance.py:2648} INFO - Exporting env vars: AIRFLOW_CTX_DAG_OWNER='***' AIRFLOW_CTX_DAG_ID='referential_integrity_check' AIRFLOW_CTX_TASK_ID='run_check' AIRFLOW_CTX_EXECUTION_DATE='2025-05-19T14:35:21.964256+00:00' AIRFLOW_CTX_TRY_NUMBER='1' AIRFLOW_CTX_DAG_RUN_ID='referential_integrity_check__2025-05-19T14:35:21.784165'
[2025-05-19T14:35:23.020+0000] {taskinstance.py:430} INFO - ::endgroup::
[2025-05-19T14:35:23.077+0000] {logging_mixin.py:188} INFO - Найдено 20 нарушений ссылочной целостности.
[2025-05-19T14:35:23.085+0000] {logging_mixin.py:188} INFO - Ошибки сохранены в /opt/***/reports/referential_errors_20250519_143523.csv
[2025-05-19T14:35:23.086+0000] {python.py:237} INFO - Done. Returned value was: {'status': 'failed', 'error_count': 20, 'report_path': '/opt/***/reports/referential_errors_20250519_143523.csv'}
[2025-05-19T14:35:23.087+0000] {taskinstance.py:441} INFO - ::group::Post task execution logs
[2025-05-19T14:35:23.104+0000] {taskinstance.py:1206} INFO - Marking task as SUCCESS. dag_id=referential_integrity_check, task_id=run_check, run_id=referential_integrity_check__2025-05-19T14:35:21.784165, execution_date=20250519T143521, start_date=20250519T143522, end_date=20250519T143523
[2025-05-19T14:35:23.156+0000] {local_task_job_runner.py:243} INFO - Task exited with return code 0
[2025-05-19T14:35:23.168+0000] {taskinstance.py:3503} INFO - 0 downstream tasks scheduled from follow-on schedule check
[2025-05-19T14:35:23.174+0000] {local_task_job_runner.py:222} INFO - ::endgroup::
