[2025-05-20T11:20:15.107+0000] {local_task_job_runner.py:120} INFO - ::group::Pre task execution logs
[2025-05-20T11:20:15.222+0000] {taskinstance.py:2076} INFO - Dependencies all met for dep_context=non-requeueable deps ti=<TaskInstance: export_result_to_excel.export_errors export_result__2025-05-20T11:20:14.242300 [queued]>
[2025-05-20T11:20:15.228+0000] {taskinstance.py:2076} INFO - Dependencies all met for dep_context=requeueable deps ti=<TaskInstance: export_result_to_excel.export_errors export_result__2025-05-20T11:20:14.242300 [queued]>
[2025-05-20T11:20:15.229+0000] {taskinstance.py:2306} INFO - Starting attempt 1 of 1
[2025-05-20T11:20:15.243+0000] {taskinstance.py:2330} INFO - Executing <Task(PythonOperator): export_errors> on 2025-05-20 11:20:14.400667+00:00
[2025-05-20T11:20:15.247+0000] {warnings.py:112} WARNING - /home/***/.local/lib/python3.12/site-packages/***/task/task_runner/standard_task_runner.py:62: DeprecationWarning: This process (pid=139) is multi-threaded, use of fork() may lead to deadlocks in the child.
  pid = os.fork()

[2025-05-20T11:20:15.249+0000] {standard_task_runner.py:64} INFO - Started process 141 to run task
[2025-05-20T11:20:15.249+0000] {standard_task_runner.py:90} INFO - Running: ['***', 'tasks', 'run', 'export_result_to_excel', 'export_errors', 'export_result__2025-05-20T11:20:14.242300', '--job-id', '99', '--raw', '--subdir', 'DAGS_FOLDER/report_to_excel.py', '--cfg-path', '/tmp/tmp881ayqsf']
[2025-05-20T11:20:15.251+0000] {standard_task_runner.py:91} INFO - Job 99: Subtask export_errors
[2025-05-20T11:20:15.288+0000] {task_command.py:426} INFO - Running <TaskInstance: export_result_to_excel.export_errors export_result__2025-05-20T11:20:14.242300 [running]> on host ce279338416b
[2025-05-20T11:20:15.365+0000] {taskinstance.py:2648} INFO - Exporting env vars: AIRFLOW_CTX_DAG_OWNER='***' AIRFLOW_CTX_DAG_ID='export_result_to_excel' AIRFLOW_CTX_TASK_ID='export_errors' AIRFLOW_CTX_EXECUTION_DATE='2025-05-20T11:20:14.400667+00:00' AIRFLOW_CTX_TRY_NUMBER='1' AIRFLOW_CTX_DAG_RUN_ID='export_result__2025-05-20T11:20:14.242300'
[2025-05-20T11:20:15.366+0000] {taskinstance.py:430} INFO - ::endgroup::
[2025-05-20T11:20:15.391+0000] {logging_mixin.py:188} INFO - Ошибка при разборе record_reference: malformed node or string on line 1: <ast.Call object at 0x7f10ea0e2910>
[2025-05-20T11:20:15.479+0000] {warnings.py:112} WARNING - /home/***/.local/lib/python3.12/site-packages/openpyxl/workbook/child.py:99: UserWarning: Title is more than 31 characters. Some applications may not be able to read the file
  warnings.warn("Title is more than 31 characters. Some applications may not be able to read the file")

[2025-05-20T11:20:15.488+0000] {logging_mixin.py:188} INFO - Файл сохранен: /opt/***/reports/report_result_58.xlsx
[2025-05-20T11:20:15.489+0000] {python.py:237} INFO - Done. Returned value was: None
[2025-05-20T11:20:15.489+0000] {taskinstance.py:441} INFO - ::group::Post task execution logs
[2025-05-20T11:20:15.495+0000] {taskinstance.py:1206} INFO - Marking task as SUCCESS. dag_id=export_result_to_excel, task_id=export_errors, run_id=export_result__2025-05-20T11:20:14.242300, execution_date=20250520T112014, start_date=20250520T112015, end_date=20250520T112015
[2025-05-20T11:20:15.543+0000] {local_task_job_runner.py:243} INFO - Task exited with return code 0
[2025-05-20T11:20:15.554+0000] {taskinstance.py:3503} INFO - 0 downstream tasks scheduled from follow-on schedule check
[2025-05-20T11:20:15.559+0000] {local_task_job_runner.py:222} INFO - ::endgroup::
