[2025-05-19T13:37:29.757+0000] {local_task_job_runner.py:120} INFO - ::group::Pre task execution logs
[2025-05-19T13:37:29.776+0000] {taskinstance.py:2076} INFO - Dependencies all met for dep_context=non-requeueable deps ti=<TaskInstance: referential_integrity_check.run_check referential_integrity_check__2025-05-19T13:37:28.468578 [queued]>
[2025-05-19T13:37:29.885+0000] {taskinstance.py:2076} INFO - Dependencies all met for dep_context=requeueable deps ti=<TaskInstance: referential_integrity_check.run_check referential_integrity_check__2025-05-19T13:37:28.468578 [queued]>
[2025-05-19T13:37:29.886+0000] {taskinstance.py:2306} INFO - Starting attempt 1 of 1
[2025-05-19T13:37:29.899+0000] {taskinstance.py:2330} INFO - Executing <Task(PythonOperator): run_check> on 2025-05-19 13:37:28.659434+00:00
[2025-05-19T13:37:29.903+0000] {warnings.py:112} WARNING - /home/***/.local/lib/python3.12/site-packages/***/task/task_runner/standard_task_runner.py:62: DeprecationWarning: This process (pid=59) is multi-threaded, use of fork() may lead to deadlocks in the child.
  pid = os.fork()

[2025-05-19T13:37:29.905+0000] {standard_task_runner.py:64} INFO - Started process 61 to run task
[2025-05-19T13:37:29.904+0000] {standard_task_runner.py:90} INFO - Running: ['***', 'tasks', 'run', 'referential_integrity_check', 'run_check', 'referential_integrity_check__2025-05-19T13:37:28.468578', '--job-id', '98', '--raw', '--subdir', 'DAGS_FOLDER/referential_integrity_check.py', '--cfg-path', '/tmp/tmpxsi3xycv']
[2025-05-19T13:37:29.906+0000] {standard_task_runner.py:91} INFO - Job 98: Subtask run_check
[2025-05-19T13:37:29.946+0000] {task_command.py:426} INFO - Running <TaskInstance: referential_integrity_check.run_check referential_integrity_check__2025-05-19T13:37:28.468578 [running]> on host eb2ce5b80fbb
[2025-05-19T13:37:30.018+0000] {taskinstance.py:2648} INFO - Exporting env vars: AIRFLOW_CTX_DAG_OWNER='***' AIRFLOW_CTX_DAG_ID='referential_integrity_check' AIRFLOW_CTX_TASK_ID='run_check' AIRFLOW_CTX_EXECUTION_DATE='2025-05-19T13:37:28.659434+00:00' AIRFLOW_CTX_TRY_NUMBER='1' AIRFLOW_CTX_DAG_RUN_ID='referential_integrity_check__2025-05-19T13:37:28.468578'
[2025-05-19T13:37:30.021+0000] {taskinstance.py:430} INFO - ::endgroup::
[2025-05-19T13:37:30.078+0000] {logging_mixin.py:188} INFO - Найдено 2 нарушений ссылочной целостности.
[2025-05-19T13:37:30.085+0000] {logging_mixin.py:188} INFO - Ошибки сохранены в /opt/***/reports/referential_errors_20250519_133730.csv
[2025-05-19T13:37:30.086+0000] {python.py:237} INFO - Done. Returned value was: {'status': 'failed', 'error_count': 2, 'report_path': '/opt/***/reports/referential_errors_20250519_133730.csv'}
[2025-05-19T13:37:30.087+0000] {taskinstance.py:441} INFO - ::group::Post task execution logs
[2025-05-19T13:37:30.103+0000] {taskinstance.py:1206} INFO - Marking task as SUCCESS. dag_id=referential_integrity_check, task_id=run_check, run_id=referential_integrity_check__2025-05-19T13:37:28.468578, execution_date=20250519T133728, start_date=20250519T133729, end_date=20250519T133730
[2025-05-19T13:37:30.119+0000] {local_task_job_runner.py:243} INFO - Task exited with return code 0
[2025-05-19T13:37:30.130+0000] {taskinstance.py:3503} INFO - 0 downstream tasks scheduled from follow-on schedule check
[2025-05-19T13:37:30.133+0000] {local_task_job_runner.py:222} INFO - ::endgroup::
