[2025-05-20T10:16:41.751+0000] {local_task_job_runner.py:120} INFO - ::group::Pre task execution logs
[2025-05-20T10:16:41.867+0000] {taskinstance.py:2076} INFO - Dependencies all met for dep_context=non-requeueable deps ti=<TaskInstance: export_result_to_excel.export_errors export_result__2025-05-20T10:16:40.842684 [queued]>
[2025-05-20T10:16:41.874+0000] {taskinstance.py:2076} INFO - Dependencies all met for dep_context=requeueable deps ti=<TaskInstance: export_result_to_excel.export_errors export_result__2025-05-20T10:16:40.842684 [queued]>
[2025-05-20T10:16:41.874+0000] {taskinstance.py:2306} INFO - Starting attempt 1 of 1
[2025-05-20T10:16:41.889+0000] {taskinstance.py:2330} INFO - Executing <Task(PythonOperator): export_errors> on 2025-05-20 10:16:41.004714+00:00
[2025-05-20T10:16:41.892+0000] {warnings.py:112} WARNING - /home/***/.local/lib/python3.12/site-packages/***/task/task_runner/standard_task_runner.py:62: DeprecationWarning: This process (pid=90) is multi-threaded, use of fork() may lead to deadlocks in the child.
  pid = os.fork()

[2025-05-20T10:16:41.894+0000] {standard_task_runner.py:64} INFO - Started process 92 to run task
[2025-05-20T10:16:41.894+0000] {standard_task_runner.py:90} INFO - Running: ['***', 'tasks', 'run', 'export_result_to_excel', 'export_errors', 'export_result__2025-05-20T10:16:40.842684', '--job-id', '81', '--raw', '--subdir', 'DAGS_FOLDER/report_to_excel.py', '--cfg-path', '/tmp/tmpq1z1aeb5']
[2025-05-20T10:16:41.896+0000] {standard_task_runner.py:91} INFO - Job 81: Subtask export_errors
[2025-05-20T10:16:41.933+0000] {task_command.py:426} INFO - Running <TaskInstance: export_result_to_excel.export_errors export_result__2025-05-20T10:16:40.842684 [running]> on host ce279338416b
[2025-05-20T10:16:42.011+0000] {taskinstance.py:2648} INFO - Exporting env vars: AIRFLOW_CTX_DAG_OWNER='***' AIRFLOW_CTX_DAG_ID='export_result_to_excel' AIRFLOW_CTX_TASK_ID='export_errors' AIRFLOW_CTX_EXECUTION_DATE='2025-05-20T10:16:41.004714+00:00' AIRFLOW_CTX_TRY_NUMBER='1' AIRFLOW_CTX_DAG_RUN_ID='export_result__2025-05-20T10:16:40.842684'
[2025-05-20T10:16:42.012+0000] {taskinstance.py:430} INFO - ::endgroup::
[2025-05-20T10:16:42.132+0000] {logging_mixin.py:188} INFO - Файл сохранен: /opt/***/reports/report_result_46.xlsx
[2025-05-20T10:16:42.133+0000] {python.py:237} INFO - Done. Returned value was: None
[2025-05-20T10:16:42.133+0000] {taskinstance.py:441} INFO - ::group::Post task execution logs
[2025-05-20T10:16:42.140+0000] {taskinstance.py:1206} INFO - Marking task as SUCCESS. dag_id=export_result_to_excel, task_id=export_errors, run_id=export_result__2025-05-20T10:16:40.842684, execution_date=20250520T101641, start_date=20250520T101641, end_date=20250520T101642
[2025-05-20T10:16:42.188+0000] {local_task_job_runner.py:243} INFO - Task exited with return code 0
[2025-05-20T10:16:42.199+0000] {taskinstance.py:3503} INFO - 0 downstream tasks scheduled from follow-on schedule check
[2025-05-20T10:16:42.204+0000] {local_task_job_runner.py:222} INFO - ::endgroup::
